C:\USERS\HANNES\DESKTOP\GL4\THROWIT\BUILD-DEBUG\AABOX.OBJ
C:\USERS\HANNES\DESKTOP\GL4\THROWIT\BUILD-DEBUG\DIRECTIONALLIGHT.OBJ
C:\USERS\HANNES\DESKTOP\GL4\THROWIT\BUILD-DEBUG\FRUSTUMG.OBJ
C:\USERS\HANNES\DESKTOP\GL4\THROWIT\BUILD-DEBUG\KAMERA.OBJ
C:\USERS\HANNES\DESKTOP\GL4\THROWIT\BUILD-DEBUG\MAIN.OBJ
C:\USERS\HANNES\DESKTOP\GL4\THROWIT\BUILD-DEBUG\MODELL.OBJ
C:\USERS\HANNES\DESKTOP\GL4\THROWIT\BUILD-DEBUG\PARTIKELSYSTEM.OBJ
C:\USERS\HANNES\DESKTOP\GL4\THROWIT\BUILD-DEBUG\PLANE.OBJ
C:\USERS\HANNES\DESKTOP\GL4\THROWIT\BUILD-DEBUG\PLAYER.OBJ
C:\USERS\HANNES\DESKTOP\GL4\THROWIT\BUILD-DEBUG\SBTEXTURE.OBJ
C:\USERS\HANNES\DESKTOP\GL4\THROWIT\BUILD-DEBUG\SHADERLOADER.OBJ
C:\USERS\HANNES\DESKTOP\GL4\THROWIT\BUILD-DEBUG\SKYBOX.OBJ
C:\USERS\HANNES\DESKTOP\GL4\THROWIT\BUILD-DEBUG\TEXT2D.OBJ
C:\USERS\HANNES\DESKTOP\GL4\THROWIT\BUILD-DEBUG\TEXTURE.OBJ
C:\USERS\HANNES\DESKTOP\GL4\THROWIT\BUILD-DEBUG\TEXTURE2D.OBJ
C:\USERS\HANNES\DESKTOP\GL4\THROWIT\BUILD-DEBUG\THROWABLE.OBJ
C:\USERS\HANNES\DESKTOP\GL4\THROWIT\BUILD-DEBUG\VERTEXBUFFEROBJECT.OBJ
C:\USERS\HANNES\DESKTOP\GL4\THROWIT\BUILD-DEBUG\WATERPLANE.OBJ
C:\USERS\HANNES\DESKTOP\GL4\THROWIT\BUILD-DEBUG\VC110.PDB
C:\USERS\HANNES\DESKTOP\GL4\THROWIT\DEBUG\THROWIT.ILK
C:\USERS\HANNES\DESKTOP\GL4\THROWIT\DEBUG\THROWIT.EXE
C:\USERS\HANNES\DESKTOP\GL4\THROWIT\DEBUG\THROWIT.PDB
C:\Users\Hannes\Desktop\GL4\ThrowIt\build-Debug\AABox.obj
C:\Users\Hannes\Desktop\GL4\ThrowIt\build-Debug\DirectionalLight.obj
C:\Users\Hannes\Desktop\GL4\ThrowIt\build-Debug\FrustumG.obj
C:\Users\Hannes\Desktop\GL4\ThrowIt\build-Debug\Kamera.obj
C:\Users\Hannes\Desktop\GL4\ThrowIt\build-Debug\main.obj
C:\Users\Hannes\Desktop\GL4\ThrowIt\build-Debug\Modell.obj
C:\Users\Hannes\Desktop\GL4\ThrowIt\build-Debug\Partikelsystem.obj
C:\Users\Hannes\Desktop\GL4\ThrowIt\build-Debug\Plane.obj
C:\Users\Hannes\Desktop\GL4\ThrowIt\build-Debug\Player.obj
C:\Users\Hannes\Desktop\GL4\ThrowIt\build-Debug\SBtexture.obj
C:\Users\Hannes\Desktop\GL4\ThrowIt\build-Debug\Shaderloader.obj
C:\Users\Hannes\Desktop\GL4\ThrowIt\build-Debug\skybox.obj
C:\Users\Hannes\Desktop\GL4\ThrowIt\build-Debug\text2D.obj
C:\Users\Hannes\Desktop\GL4\ThrowIt\build-Debug\Texture.obj
C:\Users\Hannes\Desktop\GL4\ThrowIt\build-Debug\texture2D.obj
C:\Users\Hannes\Desktop\GL4\ThrowIt\build-Debug\ThrowAble.obj
C:\Users\Hannes\Desktop\GL4\ThrowIt\build-Debug\vertexBufferObject.obj
C:\Users\Hannes\Desktop\GL4\ThrowIt\build-Debug\Waterplane.obj
C:\Users\Hannes\Desktop\GL4\ThrowIt\build-Debug\cl.command.1.tlog
C:\Users\Hannes\Desktop\GL4\ThrowIt\build-Debug\CL.read.1.tlog
C:\Users\Hannes\Desktop\GL4\ThrowIt\build-Debug\CL.write.1.tlog
C:\Users\Hannes\Desktop\GL4\ThrowIt\build-Debug\link-cvtres.read.1.tlog
C:\Users\Hannes\Desktop\GL4\ThrowIt\build-Debug\link-cvtres.write.1.tlog
C:\Users\Hannes\Desktop\GL4\ThrowIt\build-Debug\link-rc.read.1.tlog
C:\Users\Hannes\Desktop\GL4\ThrowIt\build-Debug\link-rc.write.1.tlog
C:\Users\Hannes\Desktop\GL4\ThrowIt\build-Debug\link.command.1.tlog
C:\Users\Hannes\Desktop\GL4\ThrowIt\build-Debug\link.read.1.tlog
C:\Users\Hannes\Desktop\GL4\ThrowIt\build-Debug\link.write.1.tlog
C:\Users\Hannes\Desktop\GL4\ThrowIt\build-Debug\vc110.idb
C:\Users\Hannes\Desktop\GL4\ThrowIt\build-Debug\vc110.pdb
C:\Users\Hannes\Desktop\GL4\ThrowIt\Debug\ThrowIt.pdb
C:\Users\Hannes\Desktop\GL4\ThrowIt\Debug\ThrowIt.exe
C:\Users\Hannes\Desktop\GL4\ThrowIt\Debug\ThrowIt.ilk
